app/build/intermediates/manifest_merge_blame_file/debug/processDebugMainManifest/manifest-merger-blame-debug-report.txt
1<?xml version="1.0" encoding="utf-8"?>
2<manifest xmlns:android="http://schemas.android.com/apk/res/android"
3    package="net.sourceforge.opencamera"
4    android:installLocation="auto"
5    android:versionCode="93"
6    android:versionName="1.55" >
7
8    <uses-sdk
9        android:minSdkVersion="21"
10        android:targetSdkVersion="35" />
11    <!-- ignore GoogleAppIndexingWarning as we don't want to implement that -->
12
13    <supports-screens
13-->src/main/AndroidManifest.xml:10:5-164
14        android:anyDensity="true"
14-->src/main/AndroidManifest.xml:10:137-162
15        android:largeScreens="true"
15-->src/main/AndroidManifest.xml:10:52-79
16        android:normalScreens="true"
16-->src/main/AndroidManifest.xml:10:80-108
17        android:smallScreens="true"
17-->src/main/AndroidManifest.xml:10:109-136
18        android:xlargeScreens="true" />
18-->src/main/AndroidManifest.xml:10:23-51
19
20    <uses-permission
20-->src/main/AndroidManifest.xml:12:5-14:11
21        android:name="android.permission.BLUETOOTH"
21-->src/main/AndroidManifest.xml:12:22-65
22        android:maxSdkVersion="30" />
22-->src/main/AndroidManifest.xml:13:9-35
23    <uses-permission
23-->src/main/AndroidManifest.xml:15:5-17:11
24        android:name="android.permission.BLUETOOTH_ADMIN"
24-->src/main/AndroidManifest.xml:15:22-71
25        android:maxSdkVersion="30" />
25-->src/main/AndroidManifest.xml:16:9-35
26    <uses-permission
26-->src/main/AndroidManifest.xml:18:5-20:31
27        android:name="android.permission.BLUETOOTH_SCAN"
27-->src/main/AndroidManifest.xml:18:22-70
28        android:usesPermissionFlags="neverForLocation" />
28-->src/main/AndroidManifest.xml:19:9-55
29    <uses-permission android:name="android.permission.BLUETOOTH_CONNECT" />
29-->src/main/AndroidManifest.xml:21:5-76
29-->src/main/AndroidManifest.xml:21:22-73
30    <uses-permission
30-->src/main/AndroidManifest.xml:22:5-24:40
31        android:name="android.permission.WRITE_EXTERNAL_STORAGE"
31-->src/main/AndroidManifest.xml:22:22-78
32        android:maxSdkVersion="28" />
32-->src/main/AndroidManifest.xml:23:9-35
33    <uses-permission android:name="android.permission.CAMERA" />
33-->src/main/AndroidManifest.xml:25:5-65
33-->src/main/AndroidManifest.xml:25:22-62
34    <uses-permission android:name="android.permission.RECORD_AUDIO" />
34-->src/main/AndroidManifest.xml:26:5-71
34-->src/main/AndroidManifest.xml:26:22-68
35    <uses-permission android:name="android.permission.ACCESS_FINE_LOCATION" />
35-->src/main/AndroidManifest.xml:27:5-79
35-->src/main/AndroidManifest.xml:27:22-76
36    <uses-permission android:name="android.permission.ACCESS_COARSE_LOCATION" />
36-->src/main/AndroidManifest.xml:28:5-81
36-->src/main/AndroidManifest.xml:28:22-78
37
38    <uses-feature android:name="android.hardware.camera" />
38-->src/main/AndroidManifest.xml:30:5-60
38-->src/main/AndroidManifest.xml:30:19-57
39    <uses-feature android:name="android.hardware.microphone" />
39-->src/main/AndroidManifest.xml:31:5-64
39-->src/main/AndroidManifest.xml:31:19-61
40    <uses-feature
40-->src/main/AndroidManifest.xml:32:5-90
41        android:name="android.hardware.bluetooth_le"
41-->src/main/AndroidManifest.xml:32:19-63
42        android:required="false" />
42-->src/main/AndroidManifest.xml:32:64-88
43    <!-- needed for targetting Android 11 - see https://developer.android.com/about/versions/11/behavior-changes-11 -->
44    <queries>
44-->src/main/AndroidManifest.xml:154:5-158:15
45        <intent>
45-->src/main/AndroidManifest.xml:155:9-157:18
46            <action android:name="android.intent.action.TTS_SERVICE" />
46-->src/main/AndroidManifest.xml:156:13-72
46-->src/main/AndroidManifest.xml:156:21-69
47        </intent>
48    </queries>
49
50    <permission
50-->[androidx.core:core:1.13.0] AndroidManifest.xml:22:5-24:47
51        android:name="net.sourceforge.opencamera.DYNAMIC_RECEIVER_NOT_EXPORTED_PERMISSION"
51-->[androidx.core:core:1.13.0] AndroidManifest.xml:23:9-81
52        android:protectionLevel="signature" />
52-->[androidx.core:core:1.13.0] AndroidManifest.xml:24:9-44
53
54    <uses-permission android:name="net.sourceforge.opencamera.DYNAMIC_RECEIVER_NOT_EXPORTED_PERMISSION" />
54-->[androidx.core:core:1.13.0] AndroidManifest.xml:26:5-97
54-->[androidx.core:core:1.13.0] AndroidManifest.xml:26:22-94
55
56    <application
56-->src/main/AndroidManifest.xml:34:5-152:19
57        android:name="net.sourceforge.opencamera.OpenCameraApplication"
57-->src/main/AndroidManifest.xml:38:9-46
58        android:allowBackup="true"
58-->src/main/AndroidManifest.xml:35:9-35
59        android:appComponentFactory="androidx.core.app.CoreComponentFactory"
59-->[androidx.core:core:1.13.0] AndroidManifest.xml:28:18-86
60        android:debuggable="true"
61        android:extractNativeLibs="true"
62        android:icon="@mipmap/ic_launcher"
62-->src/main/AndroidManifest.xml:36:9-43
63        android:label="@string/app_name"
63-->src/main/AndroidManifest.xml:37:9-41
64        android:largeHeap="true"
64-->src/main/AndroidManifest.xml:40:9-33
65        android:testOnly="true"
66        android:theme="@style/AppTheme" >
66-->src/main/AndroidManifest.xml:39:9-40
67
68        <!-- should not change the android:name, including moving to a subpackage - see http://android-developers.blogspot.co.uk/2011/06/things-that-cannot-change.html -->
69        <activity
69-->src/main/AndroidManifest.xml:43:9-80:20
70            android:name="net.sourceforge.opencamera.MainActivity"
70-->src/main/AndroidManifest.xml:44:13-67
71            android:clearTaskOnLaunch="true"
71-->src/main/AndroidManifest.xml:46:13-45
72            android:configChanges="orientation|screenSize|keyboardHidden"
72-->src/main/AndroidManifest.xml:45:13-74
73            android:exported="true" >
73-->src/main/AndroidManifest.xml:47:13-36
74
75            <!-- clearTaskOnLaunch set to true, so if user goes to gallery then returns to home, we return to the camera rather than remaining in gallery if user relaunches Open Camera -->
76            <intent-filter>
76-->src/main/AndroidManifest.xml:50:13-54:29
77                <action android:name="android.intent.action.MAIN" />
77-->src/main/AndroidManifest.xml:51:17-69
77-->src/main/AndroidManifest.xml:51:25-66
78
79                <category android:name="android.intent.category.LAUNCHER" />
79-->src/main/AndroidManifest.xml:52:17-77
79-->src/main/AndroidManifest.xml:52:27-74
80                <category android:name="android.intent.category.DEFAULT" />
80-->src/main/AndroidManifest.xml:53:17-76
80-->src/main/AndroidManifest.xml:53:27-73
81            </intent-filter>
82            <intent-filter>
82-->src/main/AndroidManifest.xml:55:13-58:29
83                <action android:name="android.media.action.IMAGE_CAPTURE" />
83-->src/main/AndroidManifest.xml:56:17-77
83-->src/main/AndroidManifest.xml:56:25-74
84
85                <category android:name="android.intent.category.DEFAULT" />
85-->src/main/AndroidManifest.xml:53:17-76
85-->src/main/AndroidManifest.xml:53:27-73
86            </intent-filter>
87            <intent-filter>
87-->src/main/AndroidManifest.xml:59:13-62:29
88                <action android:name="android.media.action.IMAGE_CAPTURE_SECURE" />
88-->src/main/AndroidManifest.xml:60:17-84
88-->src/main/AndroidManifest.xml:60:25-81
89
90                <category android:name="android.intent.category.DEFAULT" />
90-->src/main/AndroidManifest.xml:53:17-76
90-->src/main/AndroidManifest.xml:53:27-73
91            </intent-filter>
92            <intent-filter>
92-->src/main/AndroidManifest.xml:63:13-66:29
93                <action android:name="android.media.action.STILL_IMAGE_CAMERA" />
93-->src/main/AndroidManifest.xml:64:17-82
93-->src/main/AndroidManifest.xml:64:25-79
94
95                <category android:name="android.intent.category.DEFAULT" />
95-->src/main/AndroidManifest.xml:53:17-76
95-->src/main/AndroidManifest.xml:53:27-73
96            </intent-filter>
97            <intent-filter>
97-->src/main/AndroidManifest.xml:67:13-70:29
98                <action android:name="android.media.action.STILL_IMAGE_CAMERA_SECURE" />
98-->src/main/AndroidManifest.xml:68:17-89
98-->src/main/AndroidManifest.xml:68:25-86
99
100                <category android:name="android.intent.category.DEFAULT" />
100-->src/main/AndroidManifest.xml:53:17-76
100-->src/main/AndroidManifest.xml:53:27-73
101            </intent-filter>
102            <intent-filter>
102-->src/main/AndroidManifest.xml:71:13-74:29
103                <action android:name="android.media.action.VIDEO_CAMERA" />
103-->src/main/AndroidManifest.xml:72:17-76
103-->src/main/AndroidManifest.xml:72:25-73
104
105                <category android:name="android.intent.category.DEFAULT" />
105-->src/main/AndroidManifest.xml:53:17-76
105-->src/main/AndroidManifest.xml:53:27-73
106            </intent-filter>
107            <intent-filter>
107-->src/main/AndroidManifest.xml:75:13-78:29
108                <action android:name="android.media.action.VIDEO_CAPTURE" />
108-->src/main/AndroidManifest.xml:76:17-77
108-->src/main/AndroidManifest.xml:76:25-74
109
110                <category android:name="android.intent.category.DEFAULT" />
110-->src/main/AndroidManifest.xml:53:17-76
110-->src/main/AndroidManifest.xml:53:27-73
111            </intent-filter>
112
113            <meta-data
113-->src/main/AndroidManifest.xml:79:13-97
114                android:name="android.app.shortcuts"
114-->src/main/AndroidManifest.xml:79:24-60
115                android:resource="@xml/shortcuts" />
115-->src/main/AndroidManifest.xml:79:61-94
116        </activity>
117        <activity
117-->src/main/AndroidManifest.xml:81:9-86:20
118            android:name="net.sourceforge.opencamera.remotecontrol.DeviceScanner"
118-->src/main/AndroidManifest.xml:82:13-82
119            android:exported="false"
119-->src/main/AndroidManifest.xml:84:13-37
120            android:label="@string/scan_ble" >
120-->src/main/AndroidManifest.xml:83:13-45
121        </activity>
122
123        <!-- should not change the android:name, including moving to a subpackage - see http://android-developers.blogspot.co.uk/2011/06/things-that-cannot-change.html -->
124        <activity
124-->src/main/AndroidManifest.xml:89:9-98:20
125            android:name="net.sourceforge.opencamera.TakePhoto"
125-->src/main/AndroidManifest.xml:90:13-37
126            android:configChanges="orientation|screenSize|keyboardHidden"
126-->src/main/AndroidManifest.xml:93:13-74
127            android:excludeFromRecents="true"
127-->src/main/AndroidManifest.xml:95:13-46
128            android:exported="false"
128-->src/main/AndroidManifest.xml:96:13-37
129            android:icon="@drawable/ic_launcher_take_photo"
129-->src/main/AndroidManifest.xml:92:13-60
130            android:label="@string/take_photo"
130-->src/main/AndroidManifest.xml:91:13-47
131            android:taskAffinity="" >
131-->src/main/AndroidManifest.xml:94:13-36
132        </activity>
133        <!-- should not change the android:name, including moving to a subpackage - see http://android-developers.blogspot.co.uk/2011/06/things-that-cannot-change.html -->
134        <receiver
134-->src/main/AndroidManifest.xml:100:9-111:20
135            android:name="net.sourceforge.opencamera.MyWidgetProviderTakePhoto"
135-->src/main/AndroidManifest.xml:103:13-53
136            android:exported="true"
136-->src/main/AndroidManifest.xml:104:13-36
137            android:icon="@drawable/ic_launcher_take_photo"
137-->src/main/AndroidManifest.xml:101:13-60
138            android:label="@string/take_photo" >
138-->src/main/AndroidManifest.xml:102:13-47
139            <intent-filter>
139-->src/main/AndroidManifest.xml:105:13-107:29
140                <action android:name="android.appwidget.action.APPWIDGET_UPDATE" />
140-->src/main/AndroidManifest.xml:106:18-85
140-->src/main/AndroidManifest.xml:106:26-82
141            </intent-filter>
142
143            <meta-data
143-->src/main/AndroidManifest.xml:108:13-110:65
144                android:name="android.appwidget.provider"
144-->src/main/AndroidManifest.xml:109:16-57
145                android:resource="@xml/widget_info_take_photo" />
145-->src/main/AndroidManifest.xml:110:16-62
146        </receiver>
147        <!-- should not change the android:name, including moving to a subpackage - see http://android-developers.blogspot.co.uk/2011/06/things-that-cannot-change.html -->
148        <service
148-->src/main/AndroidManifest.xml:113:9-123:19
149            android:name="net.sourceforge.opencamera.MyTileService"
149-->src/main/AndroidManifest.xml:114:13-68
150            android:exported="true"
150-->src/main/AndroidManifest.xml:118:13-36
151            android:icon="@drawable/ic_photo_camera_white_48dp"
151-->src/main/AndroidManifest.xml:115:13-64
152            android:label="@string/camera"
152-->src/main/AndroidManifest.xml:116:13-43
153            android:permission="android.permission.BIND_QUICK_SETTINGS_TILE" >
153-->src/main/AndroidManifest.xml:117:13-77
154            <intent-filter>
154-->src/main/AndroidManifest.xml:120:13-122:29
155                <action android:name="android.service.quicksettings.action.QS_TILE" />
155-->src/main/AndroidManifest.xml:121:17-87
155-->src/main/AndroidManifest.xml:121:25-84
156            </intent-filter>
157        </service>
158        <!-- should not change the android:name, including moving to a subpackage - see http://android-developers.blogspot.co.uk/2011/06/things-that-cannot-change.html -->
159        <service
159-->src/main/AndroidManifest.xml:125:9-135:19
160            android:name="net.sourceforge.opencamera.MyTileServiceVideo"
160-->src/main/AndroidManifest.xml:126:13-73
161            android:exported="true"
161-->src/main/AndroidManifest.xml:130:13-36
162            android:icon="@drawable/ic_videocam_white_48dp"
162-->src/main/AndroidManifest.xml:127:13-60
163            android:label="@string/record_video"
163-->src/main/AndroidManifest.xml:128:13-49
164            android:permission="android.permission.BIND_QUICK_SETTINGS_TILE" >
164-->src/main/AndroidManifest.xml:129:13-77
165            <intent-filter>
165-->src/main/AndroidManifest.xml:120:13-122:29
166                <action android:name="android.service.quicksettings.action.QS_TILE" />
166-->src/main/AndroidManifest.xml:121:17-87
166-->src/main/AndroidManifest.xml:121:25-84
167            </intent-filter>
168        </service>
169        <!-- should not change the android:name, including moving to a subpackage - see http://android-developers.blogspot.co.uk/2011/06/things-that-cannot-change.html -->
170        <service
170-->src/main/AndroidManifest.xml:137:9-147:19
171            android:name="net.sourceforge.opencamera.MyTileServiceFrontCamera"
171-->src/main/AndroidManifest.xml:138:13-79
172            android:exported="true"
172-->src/main/AndroidManifest.xml:142:13-36
173            android:icon="@drawable/ic_face_white_48dp"
173-->src/main/AndroidManifest.xml:139:13-56
174            android:label="@string/selfie"
174-->src/main/AndroidManifest.xml:140:13-43
175            android:permission="android.permission.BIND_QUICK_SETTINGS_TILE" >
175-->src/main/AndroidManifest.xml:141:13-77
176            <intent-filter>
176-->src/main/AndroidManifest.xml:120:13-122:29
177                <action android:name="android.service.quicksettings.action.QS_TILE" />
177-->src/main/AndroidManifest.xml:121:17-87
177-->src/main/AndroidManifest.xml:121:25-84
178            </intent-filter>
179        </service>
180        <service
180-->src/main/AndroidManifest.xml:148:9-151:15
181            android:name="net.sourceforge.opencamera.remotecontrol.BluetoothLeService"
181-->src/main/AndroidManifest.xml:148:18-92
182            android:enabled="true"
182-->src/main/AndroidManifest.xml:149:13-35
183            android:exported="false" />
183-->src/main/AndroidManifest.xml:150:13-37
184
185        <provider
185-->[androidx.emoji2:emoji2:1.3.0] AndroidManifest.xml:24:9-32:20
186            android:name="androidx.startup.InitializationProvider"
186-->[androidx.emoji2:emoji2:1.3.0] AndroidManifest.xml:25:13-67
187            android:authorities="net.sourceforge.opencamera.androidx-startup"
187-->[androidx.emoji2:emoji2:1.3.0] AndroidManifest.xml:26:13-68
188            android:exported="false" >
188-->[androidx.emoji2:emoji2:1.3.0] AndroidManifest.xml:27:13-37
189            <meta-data
189-->[androidx.emoji2:emoji2:1.3.0] AndroidManifest.xml:29:13-31:52
190                android:name="androidx.emoji2.text.EmojiCompatInitializer"
190-->[androidx.emoji2:emoji2:1.3.0] AndroidManifest.xml:30:17-75
191                android:value="androidx.startup" />
191-->[androidx.emoji2:emoji2:1.3.0] AndroidManifest.xml:31:17-49
192            <meta-data
192-->[androidx.lifecycle:lifecycle-process:2.6.2] AndroidManifest.xml:29:13-31:52
193                android:name="androidx.lifecycle.ProcessLifecycleInitializer"
193-->[androidx.lifecycle:lifecycle-process:2.6.2] AndroidManifest.xml:30:17-78
194                android:value="androidx.startup" />
194-->[androidx.lifecycle:lifecycle-process:2.6.2] AndroidManifest.xml:31:17-49
195            <meta-data
195-->[androidx.profileinstaller:profileinstaller:1.3.1] AndroidManifest.xml:29:13-31:52
196                android:name="androidx.profileinstaller.ProfileInstallerInitializer"
196-->[androidx.profileinstaller:profileinstaller:1.3.1] AndroidManifest.xml:30:17-85
197                android:value="androidx.startup" />
197-->[androidx.profileinstaller:profileinstaller:1.3.1] AndroidManifest.xml:31:17-49
198        </provider>
199
200        <receiver
200-->[androidx.profileinstaller:profileinstaller:1.3.1] AndroidManifest.xml:34:9-52:20
201            android:name="androidx.profileinstaller.ProfileInstallReceiver"
201-->[androidx.profileinstaller:profileinstaller:1.3.1] AndroidManifest.xml:35:13-76
202            android:directBootAware="false"
202-->[androidx.profileinstaller:profileinstaller:1.3.1] AndroidManifest.xml:36:13-44
203            android:enabled="true"
203-->[androidx.profileinstaller:profileinstaller:1.3.1] AndroidManifest.xml:37:13-35
204            android:exported="true"
204-->[androidx.profileinstaller:profileinstaller:1.3.1] AndroidManifest.xml:38:13-36
205            android:permission="android.permission.DUMP" >
205-->[androidx.profileinstaller:profileinstaller:1.3.1] AndroidManifest.xml:39:13-57
206            <intent-filter>
206-->[androidx.profileinstaller:profileinstaller:1.3.1] AndroidManifest.xml:40:13-42:29
207                <action android:name="androidx.profileinstaller.action.INSTALL_PROFILE" />
207-->[androidx.profileinstaller:profileinstaller:1.3.1] AndroidManifest.xml:41:17-91
207-->[androidx.profileinstaller:profileinstaller:1.3.1] AndroidManifest.xml:41:25-88
208            </intent-filter>
209            <intent-filter>
209-->[androidx.profileinstaller:profileinstaller:1.3.1] AndroidManifest.xml:43:13-45:29
210                <action android:name="androidx.profileinstaller.action.SKIP_FILE" />
210-->[androidx.profileinstaller:profileinstaller:1.3.1] AndroidManifest.xml:44:17-85
210-->[androidx.profileinstaller:profileinstaller:1.3.1] AndroidManifest.xml:44:25-82
211            </intent-filter>
212            <intent-filter>
212-->[androidx.profileinstaller:profileinstaller:1.3.1] AndroidManifest.xml:46:13-48:29
213                <action android:name="androidx.profileinstaller.action.SAVE_PROFILE" />
213-->[androidx.profileinstaller:profileinstaller:1.3.1] AndroidManifest.xml:47:17-88
213-->[androidx.profileinstaller:profileinstaller:1.3.1] AndroidManifest.xml:47:25-85
214            </intent-filter>
215            <intent-filter>
215-->[androidx.profileinstaller:profileinstaller:1.3.1] AndroidManifest.xml:49:13-51:29
216                <action android:name="androidx.profileinstaller.action.BENCHMARK_OPERATION" />
216-->[androidx.profileinstaller:profileinstaller:1.3.1] AndroidManifest.xml:50:17-95
216-->[androidx.profileinstaller:profileinstaller:1.3.1] AndroidManifest.xml:50:25-92
217            </intent-filter>
218        </receiver>
219    </application>
220
221</manifest>